<?xml version="1.0" encoding="UTF-8"?>
<!-- Generated by org.testng.reporters.JUnitReportReporter -->
<testsuite skipped="0" hostname="USER" name="Pages.Test_WithInvalidInput" tests="1" failures="0" timestamp="10 Oct 2017 17:54:49 GMT" time="0.011" errors="0">
  <testcase name="logIn" time="0.011" classname="Pages.Test_WithInvalidInput"/>
</testsuite> <!-- Pages.Test_WithInvalidInput -->
