<?xml version="1.0" encoding="UTF-8"?>
<!-- Generated by org.testng.reporters.JUnitReportReporter -->
<testsuite hostname="USER" name="PracticeBasicSelenium.Interaction.Naukri" tests="1" failures="0" timestamp="11 Dec 2017 04:21:33 GMT" time="22.844" errors="0">
  <testcase name="uploadResume" time="22.844" classname="PracticeBasicSelenium.Interaction.Naukri"/>
</testsuite> <!-- PracticeBasicSelenium.Interaction.Naukri -->
