<?xml version="1.0" encoding="UTF-8"?>
<!-- Generated by org.testng.reporters.JUnitReportReporter -->
<testsuite hostname="USER" name="PracticeBasicSelenium.Interaction.DraggableElements" tests="1" failures="0" timestamp="11 Nov 2017 10:32:56 GMT" time="18.402" errors="0">
  <testcase name="DragDraggableElement" time="18.402" classname="PracticeBasicSelenium.Interaction.DraggableElements"/>
</testsuite> <!-- PracticeBasicSelenium.Interaction.DraggableElements -->
